2026/06/03 16:19:54 [INFO] Initializing API Service...
2026/06/03 16:19:54 [INFO] Successfully loaded configuration from config.json
2026/06/03 16:19:54 [INFO] Successfully connected to MySQL database
2026/06/03 16:19:54 [INFO] Server is listening on port 8080
2026/06/03 16:26:50 [INFO] Initializing API Service...
2026/06/03 16:26:50 [INFO] Successfully loaded configuration from config.json
2026/06/03 16:26:50 [INFO] Successfully connected to MySQL database
2026/06/03 16:26:50 [INFO] Server is listening on port 8080
2026/06/03 16:29:50 [INFO] GET    /users 200 (1.7173ms)
2026/06/03 16:29:50 [INFO] GET    /public/fontawesome/css/brands.css 304 (0s)
2026/06/03 16:29:50 [INFO] GET    /public/fontawesome/css/fontawesome.css 304 (1.0043ms)
2026/06/03 16:29:50 [INFO] GET    /public/fontawesome/css/solid.css 304 (0s)
2026/06/03 16:29:50 [INFO] GET    /public/css/style.css 304 (0s)
2026/06/03 16:29:50 [INFO] GET    /public/js/dashboard.js 304 (3.0058ms)
2026/06/03 16:29:50 [INFO] GET    /public/js/common.js 304 (0s)
2026/06/03 16:29:50 [INFO] GET    /public/fontawesome/webfonts/fa-solid-900.woff2 304 (1.0015ms)
2026/06/03 16:29:50 [INFO] GET    /api/admin/users 200 (2.0019ms)
2026/06/03 16:29:53 [INFO] GET    / 200 (618.8µs)
2026/06/03 16:29:53 [INFO] GET    /api/apps 200 (1.9998ms)
2026/06/03 16:29:53 [INFO] GET    /api/tokens 200 (7.9523ms)
2026/06/03 16:32:35 [INFO] GET    /users 200 (3.859ms)
2026/06/03 16:32:35 [INFO] GET    /api/admin/users 200 (15.0579ms)
2026/06/03 16:32:37 [INFO] GET    / 200 (509.2µs)
2026/06/03 16:32:37 [INFO] GET    /api/apps 200 (3.6574ms)
2026/06/03 16:32:37 [INFO] GET    /api/tokens 200 (16.9188ms)
2026/06/03 16:32:38 [INFO] GET    /users 200 (509.5µs)
2026/06/03 16:32:38 [INFO] GET    /api/admin/users 200 (3.0597ms)
2026/06/03 16:32:54 [INFO] GET    /users 200 (2.2208ms)
2026/06/03 16:32:54 [INFO] GET    /public/css/style.css 200 (157.3252ms)
2026/06/03 16:32:54 [INFO] GET    /public/js/dashboard.js 200 (157.3252ms)
2026/06/03 16:32:54 [INFO] GET    /public/js/common.js 200 (152.0532ms)
2026/06/03 16:32:54 [INFO] GET    /public/fontawesome/css/solid.css 200 (168.8482ms)
2026/06/03 16:32:54 [INFO] GET    /public/fontawesome/css/brands.css 200 (189.0272ms)
2026/06/03 16:32:54 [INFO] GET    /public/fontawesome/css/fontawesome.css 200 (202.0293ms)
2026/06/03 16:32:54 [INFO] GET    /api/admin/users 200 (3.0017ms)
2026/06/03 16:32:54 [INFO] GET    /public/fontawesome/webfonts/fa-solid-900.woff2 200 (10.1446ms)
2026/06/03 16:44:52 [INFO] POST   /api/admin/logout 200 (6.1932ms)
2026/06/03 16:44:52 [INFO] GET    /login 200 (1.0008ms)
2026/06/03 16:44:53 [INFO] GET    /public/fontawesome/css/fontawesome.css 304 (731µs)
2026/06/03 16:44:53 [INFO] GET    /public/fontawesome/css/brands.css 304 (506.8µs)
2026/06/03 16:44:53 [INFO] GET    /public/fontawesome/css/solid.css 304 (3.0098ms)
2026/06/03 16:44:53 [INFO] GET    /public/css/style.css 304 (0s)
2026/06/03 16:44:53 [INFO] GET    /public/js/common.js 304 (1.0072ms)
2026/06/03 16:44:53 [INFO] GET    /public/js/login.js 304 (702.7µs)
2026/06/03 16:44:53 [INFO] GET    /api/captcha 200 (0s)
2026/06/03 16:44:57 [INFO] GET    /login 200 (0s)
2026/06/03 16:44:58 [INFO] GET    /public/js/common.js 200 (1.0009ms)
2026/06/03 16:44:58 [INFO] GET    /public/fontawesome/css/brands.css 200 (1.0024ms)
2026/06/03 16:44:58 [INFO] GET    /public/js/login.js 200 (1.0024ms)
2026/06/03 16:44:58 [INFO] GET    /public/fontawesome/css/fontawesome.css 200 (0s)
2026/06/03 16:44:58 [INFO] GET    /public/css/style.css 200 (1.0108ms)
2026/06/03 16:44:58 [INFO] GET    /public/fontawesome/css/solid.css 200 (45.8339ms)
2026/06/03 16:44:58 [INFO] GET    /api/captcha 200 (2.0045ms)
2026/06/03 16:45:04 [INFO] GET    / 303 (0s)
2026/06/03 16:45:04 [INFO] GET    /login 200 (0s)
2026/06/03 16:45:05 [INFO] GET    /public/js/common.js 200 (507.9µs)
2026/06/03 16:45:05 [INFO] GET    /public/fontawesome/css/brands.css 200 (2.0083ms)
2026/06/03 16:45:05 [INFO] GET    /public/fontawesome/css/fontawesome.css 200 (1.003ms)
2026/06/03 16:45:05 [INFO] GET    /public/js/login.js 200 (0s)
2026/06/03 16:45:05 [INFO] GET    /public/css/style.css 200 (5.2838ms)
2026/06/03 16:45:05 [INFO] GET    /public/fontawesome/css/solid.css 200 (6.8167ms)
2026/06/03 16:45:05 [INFO] GET    /api/captcha 200 (436.4µs)
2026/06/03 17:41:51 [INFO] Initializing API Service...
2026/06/03 17:41:51 [INFO] Successfully loaded configuration from config.json
2026/06/03 17:41:51 [INFO] Successfully connected to MySQL database
2026/06/03 17:41:51 [INFO] Server is listening on port 8080
2026/06/03 17:41:51 [FATAL] Server stopped unexpectedly: listen tcp :8080: bind: Only one usage of each socket address (protocol/network address/port) is normally permitted.
2026/06/03 17:44:05 [INFO] Initializing API Service...
2026/06/03 17:44:05 [INFO] Successfully loaded configuration from config.json
2026/06/03 17:44:05 [INFO] Successfully connected to MySQL database
2026/06/03 17:44:05 [INFO] Server is listening on port 8080
2026/06/03 17:48:10 [INFO] Initializing API Service...
2026/06/03 17:48:10 [INFO] Successfully loaded configuration from config.json
2026/06/03 17:48:10 [INFO] Successfully connected to MySQL database
2026/06/03 17:48:10 [INFO] Server is listening on port 8080
2026/06/03 17:49:19 [INFO] GET    /admin/login 303 (6.1494ms)
2026/06/03 17:49:19 [INFO] GET    /admin 200 (8.0613ms)
2026/06/03 17:49:19 [INFO] GET    /public/fontawesome/css/brands.css 304 (1.5464ms)
2026/06/03 17:49:19 [INFO] GET    /public/fontawesome/css/fontawesome.css 304 (1.6946ms)
2026/06/03 17:49:19 [INFO] GET    /public/css/style.css 304 (1.0093ms)
2026/06/03 17:49:19 [INFO] GET    /public/fontawesome/css/solid.css 304 (631.2µs)
2026/06/03 17:49:19 [INFO] GET    /public/js/common.js 404 (0s)
2026/06/03 17:49:19 [INFO] GET    /public/fontawesome/webfonts/fa-solid-900.woff2 304 (6.0096ms)
2026/06/03 17:49:19 [INFO] GET    /public/js/dashboard.js 200 (155.962ms)
2026/06/03 17:49:19 [INFO] GET    /favicon.ico 404 (0s)
2026/06/03 17:49:30 [INFO] GET    /admin/users 200 (3.9687ms)
2026/06/03 17:49:31 [INFO] GET    /public/js/common.js 404 (0s)
2026/06/03 17:49:33 [INFO] POST   /admin/logout 303 (4.9549ms)
2026/06/03 17:49:33 [INFO] GET    /admin/login 200 (997.9µs)
2026/06/03 17:49:34 [INFO] GET    /public/js/common.js 404 (0s)
2026/06/03 17:49:44 [INFO] POST   /admin/login 303 (116.7684ms)
2026/06/03 17:49:44 [INFO] GET    /admin 200 (2.0211ms)
2026/06/03 17:49:44 [INFO] GET    /public/js/common.js 404 (0s)
2026/06/03 17:49:46 [INFO] GET    /admin/users 200 (1.1053ms)
2026/06/03 17:49:46 [INFO] GET    /public/js/common.js 404 (0s)
2026/06/03 17:50:13 [INFO] POST   /admin/logout 303 (6.3848ms)
2026/06/03 17:50:13 [INFO] GET    /admin/login 200 (0s)
2026/06/03 17:50:13 [INFO] GET    /public/js/common.js 404 (0s)
2026/06/03 17:53:46 [INFO] POST   /admin/login 303 (299.4112ms)
2026/06/03 17:53:46 [INFO] GET    /admin 200 (1.9041ms)
2026/06/03 17:53:46 [INFO] GET    /public/js/common.js 404 (0s)
2026/06/03 17:53:46 [INFO] GET    /public/js/dashboard.js 304 (0s)
2026/06/03 17:55:03 [INFO] POST   /admin/apps/register 303 (7.3772ms)
2026/06/03 17:55:03 [INFO] GET    /admin 200 (6.7921ms)
2026/06/03 17:55:03 [INFO] GET    /public/js/common.js 404 (0s)
2026/06/03 17:55:20 [INFO] POST   /admin/apps/toggle 303 (7.7884ms)
2026/06/03 17:55:20 [INFO] GET    /admin 200 (9.4662ms)
2026/06/03 17:55:20 [INFO] GET    /public/js/common.js 404 (0s)
2026/06/03 17:55:29 [INFO] POST   /admin/apps/toggle 303 (7.44ms)
2026/06/03 17:55:29 [INFO] GET    /admin 200 (3.2701ms)
2026/06/03 17:55:29 [INFO] GET    /public/js/common.js 404 (0s)
2026/06/03 17:55:44 [INFO] POST   /admin/tokens/generate 303 (13.1897ms)
2026/06/03 17:55:44 [INFO] GET    /admin 200 (11.5134ms)
2026/06/03 17:55:44 [INFO] GET    /public/js/common.js 404 (649.5µs)
2026/06/03 17:55:44 [INFO] GET    /public/js/dashboard.js 304 (0s)
2026/06/03 17:56:11 [INFO] POST   /admin/tokens/generate 303 (14.7809ms)
2026/06/03 17:56:11 [INFO] GET    /admin 200 (2.8631ms)
2026/06/03 17:56:11 [INFO] GET    /public/js/common.js 404 (0s)
2026/06/03 17:56:40 [INFO] GET    /admin/tokens 200 (3.349ms)
2026/06/03 17:56:40 [INFO] GET    /public/js/common.js 404 (0s)
2026/06/03 17:58:34 [INFO] GET    /admin/tokens 200 (2.4004ms)
2026/06/03 17:59:19 [INFO] GET    /admin/tokens 200 (10.1016ms)
2026/06/03 17:59:19 [INFO] GET    /public/js/common.js 404 (0s)
2026/06/03 17:59:19 [INFO] GET    /public/js/dashboard.js 304 (0s)
2026/06/03 18:00:54 [INFO] GET    /admin/users 200 (3.833ms)
2026/06/03 18:00:54 [INFO] GET    /public/css/style.css 304 (0s)
2026/06/03 18:00:54 [INFO] GET    /public/js/common.js 404 (0s)
2026/06/03 18:01:50 [INFO] POST   /admin/users/create 303 (104.4333ms)
2026/06/03 18:01:50 [INFO] GET    /admin/users 200 (1.7261ms)
2026/06/03 18:01:50 [INFO] GET    /public/js/common.js 404 (1.0009ms)
2026/06/03 18:01:50 [INFO] GET    /public/js/dashboard.js 304 (738.7µs)
2026/06/03 18:02:21 [INFO] GET    /admin 200 (1.2415ms)
2026/06/03 18:02:21 [INFO] GET    /public/js/common.js 404 (0s)
2026/06/03 18:02:37 [INFO] GET    /admin/tokens 200 (2.1474ms)
2026/06/03 18:02:37 [INFO] GET    /public/js/common.js 404 (0s)
2026/06/03 18:02:52 [INFO] POST   /admin/tokens/generate 303 (7.5461ms)
2026/06/03 18:02:52 [INFO] GET    /admin/tokens 200 (10.7895ms)
2026/06/03 18:02:52 [INFO] GET    /public/js/common.js 404 (0s)
2026/06/03 18:03:24 [INFO] POST   /admin/logout 303 (6.9807ms)
2026/06/03 18:03:24 [INFO] GET    /admin/login 200 (0s)
2026/06/03 18:03:24 [INFO] GET    /public/js/common.js 404 (1.5089ms)
2026/06/03 18:04:22 [INFO] POST   /admin/login 200 (0s)
2026/06/03 18:04:22 [INFO] GET    /public/js/common.js 404 (507µs)
2026/06/03 18:04:22 [INFO] GET    /public/fontawesome/css/brands.css 304 (17.0511ms)
2026/06/03 18:04:22 [INFO] GET    /public/fontawesome/css/fontawesome.css 304 (28.3415ms)
2026/06/03 18:04:22 [INFO] GET    /public/fontawesome/css/solid.css 304 (26.8611ms)
2026/06/03 18:04:33 [INFO] GET    /admin 303 (0s)
2026/06/03 18:04:33 [INFO] GET    /admin/login 200 (0s)
2026/06/03 18:04:33 [INFO] GET    /public/js/common.js 404 (0s)
2026/06/03 18:04:53 [INFO] GET    /admin/login 200 (0s)
2026/06/03 18:04:53 [INFO] GET    /public/js/common.js 404 (1.0098ms)
2026/06/03 18:05:11 [INFO] GET    /admin/captcha 200 (0s)
2026/06/03 18:06:18 [INFO] POST   /admin/login 200 (1.0013ms)
2026/06/03 18:06:18 [INFO] GET    /public/js/common.js 404 (0s)
2026/06/03 18:07:58 [INFO] POST   /admin/login 200 (1.0017ms)
2026/06/03 18:07:58 [INFO] GET    /public/js/common.js 404 (0s)
2026/06/03 18:08:05 [INFO] GET    /admin/login 200 (0s)
2026/06/03 18:08:05 [INFO] GET    /public/js/common.js 404 (0s)
2026/06/03 18:08:55 [INFO] POST   /admin/login 200 (507.9µs)
2026/06/03 18:08:55 [INFO] GET    /public/fontawesome/webfonts/fa-solid-900.woff2 304 (621.7µs)
2026/06/03 18:08:55 [INFO] GET    /public/js/common.js 404 (509.3µs)
2026/06/03 18:09:07 [INFO] GET    /api/v1/weather 404 (0s)
2026/06/03 18:09:23 [INFO] GET    /api/v1/weather 404 (0s)
2026/06/03 18:09:30 [INFO] GET    /api/v1/weather 404 (0s)
2026/06/03 18:09:42 [INFO] GET    /api/v1/weather 404 (0s)
2026/06/03 18:09:56 [INFO] GET    /api/weather 404 (0s)
2026/06/03 18:10:05 [INFO] GET    /weather 404 (0s)
2026/06/03 18:11:39 [INFO] GET    /api/protected/resource 401 (0s)
2026/06/03 18:11:39 [INFO] GET    /api/protected/resource 200 (3.3369ms)
2026/06/03 18:11:40 [INFO] GET    /api/protected/resource 200 (2.0215ms)
2026/06/03 18:12:27 [INFO] GET    /api/protected/resource 200 (504.7µs)
2026/06/03 18:13:06 [INFO] GET    /api/protected/resource 200 (999.5µs)
2026/06/03 18:13:19 [INFO] GET    /api/protected/resource 200 (360.7µs)
2026/06/03 18:14:01 [INFO] GET    /api/protected/resource 401 (1.9105ms)
2026/06/03 18:14:34 [INFO] Initializing API Service...
2026/06/03 18:14:34 [INFO] Successfully loaded configuration from config.json
2026/06/03 18:14:34 [INFO] Successfully connected to MySQL database
2026/06/03 18:14:34 [INFO] Server is listening on port 8080
2026/06/03 18:17:07 [INFO] GET    /login 404 (0s)
2026/06/03 18:18:49 [INFO] GET    / 303 (0s)
2026/06/03 18:18:49 [INFO] GET    /admin 303 (0s)
2026/06/03 18:18:49 [INFO] GET    /admin/login 200 (1.5601ms)
2026/06/03 18:18:49 [INFO] GET    /public/fontawesome/css/fontawesome.css 304 (509.5µs)
2026/06/03 18:18:49 [INFO] GET    /public/fontawesome/css/brands.css 304 (1.1866ms)
2026/06/03 18:18:49 [INFO] GET    /public/fontawesome/css/solid.css 304 (16.2587ms)
2026/06/03 18:18:49 [INFO] GET    /public/css/style.css 304 (506µs)
2026/06/03 18:18:49 [INFO] GET    /public/js/common.js 404 (0s)
2026/06/03 18:18:56 [INFO] POST   /admin/login 200 (0s)
2026/06/03 18:18:56 [INFO] GET    /public/js/common.js 404 (579.3µs)
2026/06/03 18:18:56 [INFO] GET    /public/fontawesome/webfonts/fa-solid-900.woff2 304 (398.6µs)
2026/06/03 18:19:05 [INFO] GET    /admin 303 (0s)
2026/06/03 18:19:05 [INFO] GET    /admin/login 200 (0s)
2026/06/03 18:19:05 [INFO] GET    /public/js/common.js 404 (0s)
2026/06/03 18:30:24 [INFO] Initializing API Service...
2026/06/03 18:30:24 [INFO] Successfully loaded configuration from config.json
2026/06/03 18:30:24 [INFO] Successfully connected to MySQL database
2026/06/03 18:30:24 [INFO] Server is listening on port 8080
2026/06/03 18:33:39 [INFO] GET    /admin/login 200 (2.0314ms)
2026/06/03 18:33:39 [INFO] GET    /public/js/common.js 404 (0s)
2026/06/03 18:33:39 [INFO] GET    /public/css/style.css 304 (0s)
2026/06/03 18:33:39 [INFO] GET    /admin/captcha 200 (0s)
2026/06/03 18:33:44 [INFO] Initializing API Service...
2026/06/03 18:33:44 [INFO] Successfully loaded configuration from config.json
2026/06/03 18:33:44 [INFO] Successfully connected to MySQL database
2026/06/03 18:33:44 [INFO] Server is listening on port 8080
2026/06/03 18:33:44 [FATAL] Server stopped unexpectedly: listen tcp :8080: bind: Only one usage of each socket address (protocol/network address/port) is normally permitted.
2026/06/03 18:33:46 [INFO] GET    /admin/login 200 (0s)
2026/06/03 18:33:46 [INFO] GET    /public/js/common.js 404 (1.0087ms)
2026/06/03 18:33:46 [INFO] GET    /admin/captcha 200 (0s)
2026/06/03 18:33:54 [INFO] GET    /admin/login 200 (0s)
2026/06/03 18:33:54 [INFO] GET    /public/js/common.js 404 (0s)
2026/06/03 18:33:54 [INFO] GET    /admin/captcha 200 (0s)
2026/06/03 18:33:56 [INFO] GET    /admin/captcha 200 (0s)
2026/06/03 18:33:56 [INFO] GET    /admin/captcha 200 (0s)
2026/06/03 18:33:56 [INFO] GET    /admin/captcha 200 (0s)
2026/06/03 18:33:56 [INFO] GET    /admin/captcha 200 (0s)
2026/06/03 18:33:56 [INFO] GET    /admin/captcha 200 (0s)
2026/06/03 18:33:56 [INFO] GET    /admin/captcha 200 (0s)
2026/06/03 18:34:00 [INFO] POST   /admin/login 200 (1.5824ms)
2026/06/03 18:34:00 [INFO] GET    /public/js/common.js 404 (0s)
2026/06/03 18:34:00 [INFO] GET    /admin/captcha 200 (0s)
2026/06/03 18:37:17 [INFO] Initializing API Service...
2026/06/03 18:37:17 [INFO] Successfully loaded configuration from config.json
2026/06/03 18:37:17 [INFO] Successfully connected to MySQL database
2026/06/03 18:37:17 [INFO] Server is listening on port 8080
2026/06/03 18:37:39 [INFO] GET    /admin/login 200 (548.2µs)
2026/06/03 18:37:39 [INFO] GET    /public/fontawesome/css/brands.css 304 (0s)
2026/06/03 18:37:39 [INFO] GET    /public/fontawesome/css/fontawesome.css 304 (0s)
2026/06/03 18:37:39 [INFO] GET    /public/css/style.css 304 (0s)
2026/06/03 18:37:39 [INFO] GET    /public/fontawesome/css/solid.css 304 (0s)
2026/06/03 18:37:39 [INFO] GET    /public/js/common.js 404 (0s)
2026/06/03 18:37:39 [INFO] GET    /admin/captcha 200 (0s)
2026/06/03 18:37:39 [INFO] GET    /favicon.ico 404 (0s)
2026/06/03 18:38:25 [INFO] POST   /admin/login 200 (0s)
2026/06/03 18:38:25 [INFO] GET    /admin/captcha 200 (0s)
2026/06/03 18:38:25 [INFO] GET    /public/js/common.js 404 (0s)
2026/06/03 18:38:25 [INFO] GET    /public/fontawesome/webfonts/fa-solid-900.woff2 304 (856.7µs)
2026/06/03 18:41:15 [INFO] POST   /admin/login 200 (0s)
2026/06/03 18:41:15 [INFO] GET    /public/fontawesome/css/fontawesome.css 304 (1ms)
2026/06/03 18:41:15 [INFO] GET    /admin/captcha 200 (0s)
2026/06/03 18:41:15 [INFO] GET    /public/js/common.js 404 (1.0021ms)
2026/06/03 18:41:15 [INFO] GET    /public/fontawesome/css/solid.css 304 (0s)
2026/06/03 18:41:15 [INFO] GET    /public/fontawesome/css/brands.css 304 (12.7621ms)
2026/06/03 18:41:15 [INFO] GET    /public/fontawesome/webfonts/fa-solid-900.woff2 304 (0s)
2026/06/03 18:41:23 [INFO] POST   /admin/login 200 (0s)
2026/06/03 18:41:23 [INFO] GET    /public/js/common.js 404 (0s)
2026/06/03 18:41:23 [INFO] GET    /admin/captcha 200 (0s)
2026/06/03 18:41:31 [INFO] POST   /admin/login 303 (81.5561ms)
2026/06/03 18:41:31 [INFO] GET    /admin 200 (2.6014ms)
2026/06/03 18:41:31 [INFO] GET    /public/js/common.js 404 (0s)
2026/06/03 18:41:31 [INFO] GET    /public/js/dashboard.js 200 (165.5688ms)
2026/06/03 18:41:33 [INFO] GET    /admin/users 200 (2.6491ms)
2026/06/03 18:41:33 [INFO] GET    /public/js/common.js 404 (0s)
2026/06/03 18:41:35 [INFO] GET    /admin 200 (2.063ms)
2026/06/03 18:41:35 [INFO] GET    /public/js/common.js 404 (0s)
2026/06/03 18:41:47 [INFO] GET    /admin/users 200 (508.1µs)
2026/06/03 18:41:47 [INFO] GET    /public/js/common.js 404 (0s)
2026/06/03 18:41:57 [INFO] GET    /admin 200 (2.4663ms)
2026/06/03 18:41:57 [INFO] GET    /public/js/common.js 404 (506.2µs)
2026/06/03 18:41:59 [INFO] GET    /admin/users 200 (1.5148ms)
2026/06/03 18:41:59 [INFO] GET    /public/js/common.js 404 (0s)
2026/06/03 18:42:00 [INFO] GET    /admin 200 (1.802ms)
2026/06/03 18:42:01 [INFO] GET    /public/js/common.js 404 (0s)
2026/06/03 18:42:02 [INFO] GET    /admin/users 200 (526.3µs)
2026/06/03 18:42:02 [INFO] GET    /public/js/common.js 404 (4.3846ms)
2026/06/03 18:42:03 [INFO] GET    /admin 200 (3.0716ms)
2026/06/03 18:42:03 [INFO] GET    /public/js/common.js 404 (0s)
2026/06/03 18:42:08 [INFO] GET    /admin/tokens 200 (5.5285ms)
2026/06/03 18:42:08 [INFO] GET    /public/js/common.js 404 (0s)
2026/06/03 18:42:11 [INFO] GET    /admin 200 (1.5207ms)
2026/06/03 18:42:11 [INFO] GET    /public/js/common.js 404 (0s)
2026/06/03 18:42:15 [INFO] GET    /admin/tokens 200 (2.6578ms)
2026/06/03 18:42:15 [INFO] GET    /public/js/common.js 404 (3.515ms)
2026/06/03 18:42:24 [INFO] GET    /admin 200 (4.8933ms)
2026/06/03 18:42:25 [INFO] GET    /public/js/common.js 404 (1.0049ms)
2026/06/03 18:42:27 [INFO] POST   /admin/tokens/generate 303 (6.6184ms)
2026/06/03 18:42:27 [INFO] GET    /admin 200 (2.0887ms)
2026/06/03 18:42:27 [INFO] GET    /public/js/common.js 404 (2.0006ms)
2026/06/03 18:43:15 [INFO] GET    /admin/users 200 (569.9µs)
2026/06/03 18:43:15 [INFO] GET    /public/js/common.js 404 (1.0116ms)
2026/06/03 18:44:05 [INFO] GET    /admin 200 (3.0461ms)
2026/06/03 18:44:05 [INFO] GET    /public/js/common.js 404 (0s)
2026/06/03 18:44:10 [INFO] POST   /admin/logout 303 (5.005ms)
2026/06/03 18:44:10 [INFO] GET    /admin/login 200 (646.3µs)
2026/06/03 18:44:10 [INFO] GET    /public/js/common.js 404 (0s)
2026/06/03 18:44:10 [INFO] GET    /admin/captcha 200 (0s)
2026/06/03 18:44:17 [INFO] POST   /admin/login 303 (83.7869ms)
2026/06/03 18:44:17 [INFO] GET    /admin 200 (1.3665ms)
2026/06/03 18:44:17 [INFO] GET    /public/js/common.js 404 (0s)
2026/06/03 18:44:24 [INFO] GET    /admin/tokens 200 (4.2067ms)
2026/06/03 18:44:24 [INFO] GET    /public/js/common.js 404 (0s)
2026/06/03 18:44:31 [INFO] GET    /admin 200 (1.2093ms)
2026/06/03 18:44:31 [INFO] GET    /public/js/common.js 404 (1.0011ms)
2026/06/03 18:44:42 [INFO] GET    /admin/users 200 (932.2µs)
2026/06/03 18:44:42 [INFO] GET    /public/js/common.js 404 (0s)
2026/06/03 18:44:44 [INFO] GET    /admin 200 (1.7607ms)
2026/06/03 18:44:45 [INFO] GET    /public/js/common.js 404 (0s)
2026/06/03 18:44:47 [INFO] POST   /admin/tokens/generate 303 (10.3935ms)
2026/06/03 18:44:47 [INFO] GET    /admin 200 (1.5063ms)
2026/06/03 18:44:47 [INFO] GET    /public/js/common.js 404 (507.7µs)
2026/06/03 18:44:51 [INFO] GET    /admin/tokens 200 (3.6546ms)
2026/06/03 18:44:51 [INFO] GET    /public/js/common.js 404 (0s)
2026/06/03 18:44:55 [INFO] POST   /admin/tokens/revoke 303 (7.2149ms)
2026/06/03 18:44:55 [INFO] GET    /admin/tokens 200 (2.287ms)
2026/06/03 18:44:55 [INFO] GET    /public/js/common.js 404 (0s)
2026/06/03 18:45:04 [INFO] GET    /admin 200 (1.4566ms)
2026/06/03 18:45:04 [INFO] GET    /public/js/common.js 404 (0s)
2026/06/03 18:45:08 [INFO] GET    /admin/users 200 (507.4µs)
2026/06/03 18:45:08 [INFO] GET    /public/js/common.js 404 (1.0066ms)
2026/06/03 18:45:10 [INFO] GET    /admin 200 (1.1205ms)
2026/06/03 18:45:10 [INFO] GET    /public/js/common.js 404 (0s)
2026/06/03 18:45:11 [INFO] GET    /admin/users 200 (1.1907ms)
2026/06/03 18:45:11 [INFO] GET    /public/js/common.js 404 (0s)
2026/06/03 18:45:14 [INFO] GET    /admin 200 (2.8557ms)
2026/06/03 18:45:14 [INFO] GET    /public/js/common.js 404 (0s)
2026/06/03 18:45:16 [INFO] GET    /admin/users 200 (505.2µs)
2026/06/03 18:45:16 [INFO] GET    /public/js/common.js 404 (0s)
2026/06/03 18:45:17 [INFO] GET    /admin 200 (3.5904ms)
2026/06/03 18:45:17 [INFO] GET    /public/js/common.js 404 (514µs)
2026/06/03 18:49:35 [INFO] Initializing API Service...
2026/06/03 18:49:35 [INFO] Successfully loaded configuration from config.json
2026/06/03 18:49:35 [INFO] Successfully connected to MySQL database
2026/06/03 18:49:35 [INFO] Server is listening on port 8080
2026/06/03 18:51:20 [INFO] Initializing API Service...
2026/06/03 18:51:20 [INFO] Successfully loaded configuration from config.json
2026/06/03 18:51:20 [INFO] Successfully connected to MySQL database
2026/06/03 18:51:20 [INFO] Server is listening on port 8080
2026/06/03 18:51:51 [INFO] GET    /admin/login 200 (1.0113ms)
2026/06/03 18:51:51 [INFO] GET    /admin/captcha 200 (998.5µs)
2026/06/03 18:51:51 [INFO] GET    /favicon.ico 404 (0s)
2026/06/03 18:52:54 [INFO] POST   /admin/login 303 (111.0792ms)
2026/06/03 18:52:54 [INFO] GET    /admin 200 (25.6144ms)
2026/06/03 18:52:54 [INFO] GET    /public/js/dashboard.js 304 (0s)
2026/06/03 18:54:09 [INFO] GET    /admin 200 (4.3359ms)
2026/06/03 18:54:09 [INFO] GET    /public/css/style.css 200 (160.2767ms)
2026/06/03 18:56:28 [INFO] Initializing API Service...
2026/06/03 18:56:28 [INFO] Successfully loaded configuration from config.json
2026/06/03 18:56:28 [INFO] Successfully connected to MySQL database
2026/06/03 18:56:28 [INFO] Server is listening on port 8080
2026/06/03 18:56:56 [INFO] GET    /admin/users 200 (3.1346ms)
2026/06/03 18:56:56 [INFO] GET    /public/css/style.css 200 (147.1109ms)
2026/06/03 18:56:57 [INFO] GET    /admin 200 (2.6672ms)
2026/06/03 18:57:00 [INFO] GET    /admin 200 (2.868ms)
2026/06/03 18:57:00 [INFO] GET    /public/fontawesome/css/brands.css 304 (1.0006ms)
2026/06/03 18:57:00 [INFO] GET    /public/fontawesome/css/fontawesome.css 304 (0s)
2026/06/03 18:57:00 [INFO] GET    /public/fontawesome/css/solid.css 304 (0s)
2026/06/03 18:57:00 [INFO] GET    /public/css/style.css 304 (0s)
2026/06/03 18:57:02 [INFO] GET    /admin/users 200 (653µs)
2026/06/03 18:57:03 [INFO] GET    /admin 200 (1.7177ms)
2026/06/03 18:57:09 [INFO] GET    /admin/users 200 (1.1501ms)
2026/06/03 18:57:09 [INFO] GET    /public/css/style.css 304 (0s)
2026/06/03 18:57:10 [INFO] GET    /admin 200 (1.6891ms)
2026/06/03 18:58:22 [INFO] GET    /admin/users 200 (584.9µs)
2026/06/03 18:58:22 [INFO] GET    /public/css/style.css 304 (652.3µs)
2026/06/03 18:58:23 [INFO] GET    /admin 200 (1.9248ms)
2026/06/03 18:58:25 [INFO] GET    /admin/users 200 (1.0876ms)
2026/06/03 18:58:26 [INFO] GET    /admin 200 (2.1562ms)
2026/06/03 18:58:27 [INFO] POST   /admin/logout 303 (5.8762ms)
2026/06/03 18:58:27 [INFO] GET    /admin/login 200 (0s)
2026/06/03 18:58:27 [INFO] GET    /admin/captcha 200 (506.1µs)
2026/06/03 19:00:58 [INFO] GET    /admin 200 (1.7874ms)
2026/06/03 19:00:58 [INFO] GET    /public/fontawesome/css/brands.css 304 (999.2µs)
2026/06/03 19:00:58 [INFO] GET    /public/fontawesome/css/fontawesome.css 304 (1.4963ms)
2026/06/03 19:00:58 [INFO] GET    /public/fontawesome/css/solid.css 304 (0s)
2026/06/03 19:00:58 [INFO] GET    /public/js/dashboard.js 304 (0s)
2026/06/03 19:00:58 [INFO] GET    /public/css/style.css 200 (1.0003ms)
2026/06/03 19:00:58 [INFO] GET    /public/fontawesome/webfonts/fa-solid-900.woff2 304 (0s)
2026/06/03 19:00:59 [INFO] GET    /admin/users 200 (1.1064ms)
2026/06/03 19:01:01 [INFO] GET    /admin 200 (2.044ms)
2026/06/03 19:01:02 [INFO] GET    /admin/users 200 (1.0595ms)
2026/06/03 19:01:07 [INFO] GET    /admin 200 (3.3575ms)
2026/06/03 19:01:08 [INFO] GET    /admin/users 200 (648.5µs)
2026/06/03 19:01:09 [INFO] GET    /admin 200 (2.1161ms)
2026/06/03 19:01:11 [INFO] GET    / 303 (0s)
2026/06/03 19:01:11 [INFO] GET    /admin 200 (2.0447ms)
2026/06/03 19:01:13 [INFO] GET    /admin 200 (2.0871ms)
2026/06/03 19:01:17 [INFO] GET    /admin/users 200 (507.9µs)
2026/06/03 19:01:18 [INFO] GET    /admin 200 (2.7912ms)
2026/06/03 19:01:19 [INFO] GET    /admin/users 200 (506.6µs)
2026/06/03 19:01:21 [INFO] GET    /admin 200 (1.5983ms)
